<?xml version="1.0" encoding="UTF-8"?>
<!-- Generated by org.testng.reporters.JUnitXMLReporter -->
<testsuite ignored="4" hostname="LAPTOP-E0DJVIBD" failures="0" tests="1" name="Default test" time="10.149" errors="0" timestamp="2022-04-26T15:45:43 IST">
  <testcase classname="com.guru.testcases.HomePageTest" name="verifyManagerIDTest" time="0.226"/>
  <testcase classname="com.guru.testcases.HomePageTest" name="verifyTitleTest" time="0.0">
    <ignored/>
  </testcase> <!-- verifyTitleTest -->
  <testcase classname="com.guru.testcases.HomePageTest" name="verifyEditCustomerTest" time="0.0">
    <ignored/>
  </testcase> <!-- verifyEditCustomerTest -->
  <testcase classname="com.guru.testcases.HomePageTest" name="verifyNewCustomerTest" time="0.0">
    <ignored/>
  </testcase> <!-- verifyNewCustomerTest -->
  <testcase classname="com.guru.testcases.HomePageTest" name="verifyDeleteCustomerTest" time="0.0">
    <ignored/>
  </testcase> <!-- verifyDeleteCustomerTest -->
</testsuite> <!-- Default test -->
