<?xml version="1.0" encoding="UTF-8"?>
<!-- Generated by org.testng.reporters.JUnitXMLReporter -->
<testsuite ignored="0" hostname="LAPTOP-E0DJVIBD" failures="0" tests="5" name="Test" time="38.68" errors="0" timestamp="2022-05-03T22:44:29 IST">
  <testcase classname="com.guru.testcases.HomePageTest" name="verifyTitleTest" time="0.048"/>
  <testcase classname="com.guru.testcases.HomePageTest" name="verifyManagerIDTest" time="0.049"/>
  <testcase classname="com.guru.testcases.HomePageTest" name="verifyNewCustomerTest" time="0.113"/>
  <testcase classname="com.guru.testcases.HomePageTest" name="verifyEditCustomerTest" time="0.222"/>
  <testcase classname="com.guru.testcases.HomePageTest" name="verifyDeleteCustomerTest" time="0.156"/>
</testsuite> <!-- Test -->
